[2025-09-10 14:50:20,844: INFO: main: welcome this is an info message]
[2025-09-10 16:42:46,902: INFO: common: yaml file: config\config.yaml loaded successfully]
[2025-09-10 16:42:46,959: INFO: common: yaml file: params.yaml loaded successfully]
[2025-09-10 16:42:46,964: INFO: common: yaml file: schema.yaml loaded successfully]
[2025-09-10 16:46:11,704: INFO: common: yaml file: config\config.yaml loaded successfully]
[2025-09-10 16:46:11,706: INFO: common: yaml file: params.yaml loaded successfully]
[2025-09-10 16:46:11,708: INFO: common: yaml file: schema.yaml loaded successfully]
[2025-09-10 16:46:15,237: INFO: common: yaml file: config\config.yaml loaded successfully]
[2025-09-10 16:46:15,239: INFO: common: yaml file: params.yaml loaded successfully]
[2025-09-10 16:46:15,251: INFO: common: yaml file: schema.yaml loaded successfully]
[2025-09-10 16:50:05,035: INFO: common: yaml file: config\config.yaml loaded successfully]
[2025-09-10 16:50:05,037: INFO: common: yaml file: params.yaml loaded successfully]
[2025-09-10 16:50:05,041: INFO: common: yaml file: schema.yaml loaded successfully]
[2025-09-10 16:50:05,041: INFO: common: created directory at: artifacts]
[2025-09-10 16:50:05,043: INFO: common: created directory at: artifacts/data_ingestion]
[2025-09-10 16:50:06,075: INFO: 3419087742: artifacts/data_ingestion/data.zip downloaded! with following info: 
Connection: close
Content-Length: 23329
Cache-Control: max-age=300
Content-Security-Policy: default-src 'none'; style-src 'unsafe-inline'; sandbox
Content-Type: application/zip
ETag: "c69888a4ae59bc5a893392785a938ccd4937981c06ba8a9d6a21aa52b4ab5b6e"
Strict-Transport-Security: max-age=31536000
X-Content-Type-Options: nosniff
X-Frame-Options: deny
X-XSS-Protection: 1; mode=block
X-GitHub-Request-Id: DF14:399787:45172:86BE9:68C15D6F
Accept-Ranges: bytes
Date: Wed, 10 Sep 2025 11:20:06 GMT
Via: 1.1 varnish
X-Served-By: cache-bom-vanm7210026-BOM
X-Cache: HIT
X-Cache-Hits: 0
X-Timer: S1757503206.739328,VS0,VE307
Vary: Authorization,Accept-Encoding
Access-Control-Allow-Origin: *
Cross-Origin-Resource-Policy: cross-origin
X-Fastly-Request-ID: affba81497cd7d1265dd80be1c94d474dde10875
Expires: Wed, 10 Sep 2025 11:25:06 GMT
Source-Age: 0

]
[2025-09-10 16:50:06,085: INFO: 3419087742: Extracted zip file to: artifacts/data_ingestion]
[2025-09-11 14:23:46,007: INFO: main: >>>>>>>>>> stage Data Ingestion Stage started <<<<<<<<<<]
[2025-09-11 14:23:46,009: INFO: common: yaml file: config\config.yaml loaded successfully]
[2025-09-11 14:23:46,017: INFO: common: yaml file: params.yaml loaded successfully]
[2025-09-11 14:23:46,020: INFO: common: yaml file: schema.yaml loaded successfully]
[2025-09-11 14:23:46,020: INFO: common: created directory at: artifacts]
[2025-09-11 14:23:46,021: INFO: common: created directory at: artifacts/data_ingestion]
[2025-09-11 14:23:46,022: INFO: data_ingestion: File already exists of size: 23329 bytes]
[2025-09-11 14:23:46,039: INFO: data_ingestion: Extracted zip file to: artifacts/data_ingestion]
[2025-09-11 14:23:46,039: INFO: main: >>>>>>>>>> stage Data Ingestion Stage completed <<<<<<<<<<

x================x]
[2025-09-11 14:24:11,482: INFO: main: >>>>>>>>>> stage Data Ingestion Stage started <<<<<<<<<<]
[2025-09-11 14:24:11,484: INFO: common: yaml file: config\config.yaml loaded successfully]
[2025-09-11 14:24:11,485: INFO: common: yaml file: params.yaml loaded successfully]
[2025-09-11 14:24:11,486: INFO: common: yaml file: schema.yaml loaded successfully]
[2025-09-11 14:24:11,486: INFO: common: created directory at: artifacts]
[2025-09-11 14:24:11,487: INFO: common: created directory at: artifacts/data_ingestion]
[2025-09-11 14:24:11,487: INFO: data_ingestion: File already exists of size: 23329 bytes]
[2025-09-11 14:24:11,490: INFO: data_ingestion: Extracted zip file to: artifacts/data_ingestion]
[2025-09-11 14:24:11,490: INFO: main: >>>>>>>>>> stage Data Ingestion Stage completed <<<<<<<<<<

x================x]
[2025-09-11 14:49:01,499: INFO: common: yaml file: config\config.yaml loaded successfully]
[2025-09-11 14:49:01,501: INFO: common: yaml file: params.yaml loaded successfully]
[2025-09-11 14:49:01,513: INFO: common: yaml file: schema.yaml loaded successfully]
[2025-09-11 14:49:01,559: INFO: common: created directory at: artifacts]
[2025-09-11 14:49:01,561: INFO: common: created directory at: artifacts/data_validation]
[2025-09-11 14:53:08,789: INFO: common: yaml file: config\config.yaml loaded successfully]
[2025-09-11 14:53:08,792: INFO: common: yaml file: params.yaml loaded successfully]
[2025-09-11 14:53:08,806: INFO: common: yaml file: schema.yaml loaded successfully]
[2025-09-11 14:53:08,808: INFO: common: created directory at: artifacts]
[2025-09-11 14:53:08,809: INFO: common: created directory at: artifacts/data_validation]
[2025-09-11 15:10:14,653: INFO: main: >>>>>>>>>> stage Data Ingestion Stage started <<<<<<<<<<]
[2025-09-11 15:10:14,653: INFO: common: yaml file: config\config.yaml loaded successfully]
[2025-09-11 15:10:14,653: INFO: common: yaml file: params.yaml loaded successfully]
[2025-09-11 15:10:14,653: INFO: common: yaml file: schema.yaml loaded successfully]
[2025-09-11 15:10:14,653: INFO: common: created directory at: artifacts]
[2025-09-11 15:10:14,653: INFO: common: created directory at: artifacts/data_ingestion]
[2025-09-11 15:10:14,653: INFO: data_ingestion: File already exists of size: 23329 bytes]
[2025-09-11 15:10:14,653: INFO: data_ingestion: Extracted zip file to: artifacts/data_ingestion]
[2025-09-11 15:10:14,653: INFO: main: >>>>>>>>>> stage Data Ingestion Stage completed <<<<<<<<<<

x================x]
[2025-09-11 15:10:14,660: INFO: main: >>>>>>>>>> stage Data Validation Stage started <<<<<<<<<<]
[2025-09-11 15:10:14,662: INFO: common: yaml file: config\config.yaml loaded successfully]
[2025-09-11 15:10:14,663: INFO: common: yaml file: params.yaml loaded successfully]
[2025-09-11 15:10:14,666: INFO: common: yaml file: schema.yaml loaded successfully]
[2025-09-11 15:10:14,667: INFO: common: created directory at: artifacts]
[2025-09-11 15:10:14,667: INFO: common: created directory at: artifacts/data_validation]
[2025-09-11 15:10:14,698: INFO: main: >>>>>>>>>> stage Data Validation Stage completed <<<<<<<<<<

x================x]
